2025-10-03 11:08:00 | DEBUG | repo=a4m36jee-2014 | action=commit
2025-11-20 14:41:00 | DEBUG | repo=a4m36jee-2014 | action=commit
2025-11-07 19:54:00 | WARN | repo=a4m36jee-2014 | action=commit
2025-03-01 07:03:00 | WARN | repo=a4m36jee-2014 | action=edit | files=1
2025-12-23 14:55:00 | WARN | repo=a4m36jee-2014 | action=commit
2025-06-11 16:45:00 | DEBUG | repo=a4m36jee-2014 | action=edit | files=5
2025-11-10 11:13:00 | WARN | repo=a4m36jee-2014 | action=commit
2025-01-22 16:03:00 | WARN | repo=a4m36jee-2014 | action=commit
2025-10-27 08:29:00 | INFO | repo=a4m36jee-2014 | action=test | passed=true
2025-12-08 14:29:00 | WARN | repo=a4m36jee-2014 | action=test | passed=true
2025-12-21 07:48:00 | WARN | repo=a4m36jee-2014 | action=commit
2025-05-20 19:01:00 | WARN | repo=a4m36jee-2014 | action=commit
2025-02-02 14:46:00 | DEBUG | repo=a4m36jee-2014 | action=test | passed=true
2025-06-21 13:26:00 | WARN | repo=a4m36jee-2014 | action=commit
2025-07-18 10:06:00 | INFO | repo=a4m36jee-2014 | action=commit
2025-04-27 12:10:00 | DEBUG | repo=a4m36jee-2014 | action=commit
2025-07-23 13:06:00 | DEBUG | repo=a4m36jee-2014 | action=commit
2025-10-10 13:58:00 | DEBUG | repo=a4m36jee-2014 | action=commit
2025-02-06 13:29:00 | DEBUG | repo=a4m36jee-2014 | action=commit
2025-10-10 17:33:00 | DEBUG | repo=a4m36jee-2014 | action=commit
2025-04-26 08:09:00 | DEBUG | repo=a4m36jee-2014 | action=commit
2025-03-19 14:45:00 | WARN | repo=a4m36jee-2014 | action=test | passed=true
2025-11-05 13:33:00 | INFO | repo=a4m36jee-2014 | action=commit
2025-12-24 12:58:00 | INFO | repo=a4m36jee-2014 | action=edit | files=1
2025-11-03 09:42:00 | INFO | repo=a4m36jee-2014 | action=test | passed=true
2025-05-01 13:43:00 | DEBUG | repo=a4m36jee-2014 | action=commit
2025-03-28 11:58:00 | WARN | repo=a4m36jee-2014 | action=commit
2025-11-14 08:43:00 | INFO | repo=a4m36jee-2014 | action=pull
2025-04-23 07:00:00 | DEBUG | repo=a4m36jee-2014 | action=commit
2025-06-04 12:14:00 | DEBUG | repo=a4m36jee-2014 | action=commit
